2019-02-15 11:47:23,750 INFO  [log] ******Browser Opened****** 
2019-02-15 11:47:25,782 INFO  [log] ******Login Successfully****** 
2019-02-15 11:47:26,878 INFO  [log] ******Menu Selected****** 
2019-02-15 11:47:27,009 INFO  [log] ******Entered Frame****** 
2019-02-15 11:47:30,253 INFO  [log] ******Waited Some Time****** 
2019-02-15 11:47:30,310 INFO  [log] ******Downloaded Exportdata****** 
2019-02-15 11:47:30,327 INFO  [log] ******Exited Frame****** 
2019-02-15 11:47:31,116 INFO  [log] ******Logout Successfully****** 
2019-02-15 11:47:32,302 INFO  [log] ******Browser Closed****** 
2019-02-15 11:47:37,033 INFO  [log] ******Browser Opened****** 
2019-02-15 11:47:38,826 INFO  [log] ******Login Successfully****** 
2019-02-15 11:47:39,847 INFO  [log] ******Menu Selected****** 
2019-02-15 11:47:40,227 INFO  [log] ******Logout Successfully****** 
2019-02-15 11:47:40,871 INFO  [log] ******Browser Closed****** 
2019-02-16 11:40:42,681 INFO  [log] ******Browser Opened****** 
2019-02-16 11:40:45,031 INFO  [log] ******Login Successfully****** 
2019-02-16 11:40:49,992 INFO  [log] ******Logout Successfully****** 
2019-02-16 11:40:50,722 INFO  [log] ******Browser Closed****** 
2019-02-16 11:59:40,312 INFO  [log] ******Browser Opened****** 
2019-02-16 11:59:42,405 INFO  [log] ******Login Successfully****** 
2019-02-16 11:59:44,293 INFO  [log] ******Logout Successfully****** 
2019-02-16 11:59:45,103 INFO  [log] ******Browser Closed****** 
2019-02-16 12:00:01,843 INFO  [log] ******Browser Opened****** 
2019-02-16 12:00:03,834 INFO  [log] ******Login Successfully****** 
2019-02-16 12:00:05,297 INFO  [log] ******Logout Successfully****** 
2019-02-16 12:00:05,968 INFO  [log] ******Browser Closed****** 
2019-02-16 12:12:52,497 INFO  [log] ******Browser Opened****** 
2019-02-16 12:12:54,319 INFO  [log] ******Login Successfully****** 
2019-02-16 12:12:55,769 INFO  [log] ******Entered Frame****** 
2019-02-16 12:13:04,192 INFO  [log] ******Exited Frame****** 
2019-02-16 12:13:04,876 INFO  [log] ******Logout Successfully****** 
2019-02-16 12:13:05,657 INFO  [log] ******Browser Closed****** 
2019-02-16 12:32:19,920 INFO  [log] ******Browser Opened****** 
2019-02-16 12:32:21,744 INFO  [log] ******Login Successfully****** 
2019-02-16 12:32:22,788 INFO  [log] ******Entered Frame****** 
2019-02-16 12:32:30,246 INFO  [log] ******Exited Frame****** 
2019-02-16 12:32:30,754 INFO  [log] ******Logout Successfully****** 
2019-02-16 12:32:31,457 INFO  [log] ******Browser Closed****** 
2019-02-16 12:45:19,936 INFO  [log] ******Browser Opened****** 
2019-02-16 12:45:21,983 INFO  [log] ******Login Successfully****** 
2019-02-16 12:45:23,408 INFO  [log] ******Entered Frame****** 
2019-02-16 13:04:19,256 INFO  [log] ******Browser Opened****** 
2019-02-16 13:04:21,136 INFO  [log] ******Login Successfully****** 
2019-02-16 13:04:22,337 INFO  [log] ******Entered Frame****** 
2019-02-16 13:27:47,506 INFO  [log] ******Browser Opened****** 
2019-02-16 13:27:53,033 INFO  [log] ******Login Successfully****** 
2019-02-16 13:27:55,304 INFO  [log] ******Entered Frame****** 
2019-02-18 10:13:11,716 INFO  [log] ******Browser Opened****** 
2019-02-18 10:13:26,164 INFO  [log] ******Login Successfully****** 
2019-02-18 10:13:28,590 INFO  [log] ******Entered Frame****** 
2019-02-18 10:21:30,983 INFO  [log] ******Browser Opened****** 
2019-02-18 10:21:32,604 INFO  [log] ******Login Successfully****** 
2019-02-18 10:21:33,670 INFO  [log] ******Entered Frame****** 
2019-02-18 10:21:41,902 INFO  [log] ******Exited Frame****** 
2019-02-18 10:21:42,424 INFO  [log] ******Logout Successfully****** 
2019-02-18 10:21:43,217 INFO  [log] ******Browser Closed****** 
