2019-01-23 11:32:04,219 INFO  [log] ***************Open browser************ 
2019-01-23 11:32:08,180 INFO  [log] ************Enter URL********** 
2019-01-23 11:32:08,772 INFO  [log] *************Application Opened************ 
2019-01-23 11:32:10,816 INFO  [log] ************Title Verified************ 
2019-01-23 11:32:12,783 INFO  [log] ************Login Completed************ 
2019-01-23 11:32:12,797 INFO  [log] ************Title Not Verified************ 
2019-01-23 11:32:13,265 INFO  [log] ************Logout Successfully************ 
2019-01-23 11:32:13,968 INFO  [log] ************ Browser Closed ************ 
2019-01-23 11:34:27,250 INFO  [log] ***************Open browser************ 
2019-01-23 11:34:32,212 INFO  [log] ************Enter URL********** 
2019-01-23 11:34:32,766 INFO  [log] *************Application Opened************ 
2019-01-23 11:34:34,774 INFO  [log] ************Title Verified************ 
2019-01-23 11:34:35,719 INFO  [log] ************Login Completed************ 
2019-01-23 11:34:35,733 INFO  [log] ************Title Not Verified************ 
2019-01-23 11:34:36,052 INFO  [log] ************Logout Successfully************ 
2019-01-23 11:34:36,695 INFO  [log] ************ Browser Closed ************ 
2019-01-23 11:34:36,705 INFO  [log] ***************Open browser************ 
2019-01-23 11:34:40,731 INFO  [log] ************Enter URL********** 
2019-01-23 11:34:41,232 INFO  [log] *************Application Opened************ 
2019-01-23 11:34:43,240 INFO  [log] ************Title Verified************ 
2019-01-23 11:34:44,221 INFO  [log] ************Login Completed************ 
2019-01-23 11:34:46,228 INFO  [log] ************Title Not Verified************ 
2019-01-23 11:34:49,230 INFO  [log] ************ Mouse moved to PIM ************ 
2019-01-23 11:34:51,425 INFO  [log] ************ Entered in Frame************ 
2019-01-23 11:34:55,957 INFO  [log] ************ Employee Added ************ 
2019-01-23 11:34:55,970 INFO  [log] ********** Exit From Frame************ 
2019-01-23 11:34:58,558 INFO  [log] ************Logout Successfully************ 
2019-01-23 11:34:59,451 INFO  [log] ************ Browser Closed ************ 
2019-02-11 18:07:14,141 INFO  [log] ***************Open browser************ 
2019-02-11 18:07:24,556 INFO  [log] ************Enter URL********** 
2019-02-11 18:07:28,631 INFO  [log] *************Application Opened************ 
2019-02-11 18:07:30,656 INFO  [log] ************Title Verified************ 
2019-02-11 18:07:40,399 INFO  [log] ************Login Completed************ 
2019-02-11 18:07:40,417 INFO  [log] ************Title Not Verified************ 
2019-02-11 18:07:41,565 INFO  [log] ************Logout Successfully************ 
2019-02-11 18:07:42,335 INFO  [log] ************ Browser Closed ************ 
2019-02-13 17:06:01,795 INFO  [log] ***************Open browser************ 
2019-02-13 17:06:07,842 INFO  [log] ************Enter URL********** 
2019-02-13 17:06:08,400 INFO  [log] *************Application Opened************ 
2019-02-13 17:06:10,409 INFO  [log] ************Title Verified************ 
2019-02-13 17:06:14,553 INFO  [log] ************Login Completed************ 
2019-02-13 17:06:14,633 INFO  [log] ************Title Not Verified************ 
2019-02-13 17:06:15,060 INFO  [log] ***************Open browser************ 
2019-02-13 17:06:18,161 INFO  [log] ************Enter URL********** 
2019-02-13 17:06:18,590 INFO  [log] *************Application Opened************ 
2019-03-19 13:06:02,092 INFO  [log] ***************Open browser************ 
2019-03-19 13:06:53,221 INFO  [log] ************Enter URL********** 
2019-03-19 13:07:11,820 INFO  [log] *************Application Opened************ 
2019-03-19 13:07:13,838 INFO  [log] ************Title Verified************ 
2019-03-19 13:07:52,583 INFO  [log] ************Login Completed************ 
2019-03-19 13:07:52,615 INFO  [log] ************Title Not Verified************ 
2019-03-19 13:07:54,465 INFO  [log] ***************Open browser************ 
2019-03-19 13:08:08,800 INFO  [log] ************Enter URL********** 
