	2019-02-01 19:09:59,449 INFO  [log] ***********Open Browser************ 
2019-02-01 19:10:04,279 INFO  [log] ***********Browser Opened************** 
2019-02-01 19:10:04,279 INFO  [log] ****************Enter URL*************** 
2019-02-01 19:10:05,088 INFO  [log] ************URL Opened************** 
2019-02-01 19:10:05,091 INFO  [log] ***********Verify Title************ 
2019-02-01 19:10:05,113 INFO  [log] ***********Title Matched************ 
2019-02-01 19:10:05,121 INFO  [log] ***********Enter USerName and Password************ 
2019-02-01 19:10:06,910 INFO  [log] ***********Login Successfully************ 
2019-02-01 19:10:06,911 INFO  [log] ***********Verify text************ 
2019-02-01 19:10:07,005 INFO  [log] ***********Text Verified************ 
2019-02-01 19:10:07,006 INFO  [log] ***********Click the Logout************ 
2019-02-01 19:10:07,409 INFO  [log] ***********Logout Successfully************ 
2019-02-01 19:10:07,409 INFO  [log] **********Click the Close Button************ 
2019-02-01 19:10:08,072 INFO  [log] ***********Browser Closed*************** 
2019-02-01 19:27:11,325 INFO  [log] ***********Open Browser************ 
2019-02-01 19:27:16,295 INFO  [log] ***********Browser Opened************** 
2019-02-01 19:27:16,295 INFO  [log] ****************Enter URL*************** 
2019-02-01 19:27:17,043 INFO  [log] ************URL Opened************** 
2019-02-01 19:27:17,046 INFO  [log] ***********Verify Title************ 
2019-02-01 19:27:17,065 INFO  [log] ***********Title Matched************ 
2019-02-01 19:27:17,072 INFO  [log] ***********Enter USerName and Password************ 
2019-02-01 19:27:18,546 INFO  [log] ***********Login Successfully************ 
2019-02-01 19:27:18,547 INFO  [log] ***********Verify text************ 
2019-02-01 19:27:18,644 INFO  [log] ***********Text Verified************ 
2019-02-01 19:27:18,645 INFO  [log] ***********Click the Logout************ 
2019-02-01 19:27:18,993 INFO  [log] ***********Logout Successfully************ 
2019-02-01 19:27:18,993 INFO  [log] **********Click the Close Button************ 
2019-02-01 19:27:19,673 INFO  [log] ***********Browser Closed*************** 
